<?xml version="1.0" encoding="UTF-8"?>
<testng-results ignored="0" total="1" passed="1" failed="0" skipped="0">
  <reporter-output>
  </reporter-output>
  <suite started-at="2024-10-06T21:08:51 IST" name="Default suite" finished-at="2024-10-06T21:10:02 IST" duration-ms="70861">
    <groups>
    </groups>
    <test started-at="2024-10-06T21:08:51 IST" name="Default test" finished-at="2024-10-06T21:10:02 IST" duration-ms="70861">
      <class name="amarontests.AmaronTestRun">
        <test-method is-config="true" signature="DriverUrlSetup()[pri:0, instance:amarontests.AmaronTestRun@2cb4893b]" started-at="2024-10-06T21:08:51 IST" name="DriverUrlSetup" finished-at="2024-10-06T21:09:07 IST" duration-ms="15836" status="PASS">
          <reporter-output>
          </reporter-output>
        </test-method> <!-- DriverUrlSetup -->
        <test-method is-config="true" signature="createObject()[pri:0, instance:amarontests.AmaronTestRun@2cb4893b]" started-at="2024-10-06T21:09:07 IST" name="createObject" finished-at="2024-10-06T21:09:07 IST" duration-ms="134" status="PASS">
          <reporter-output>
          </reporter-output>
        </test-method> <!-- createObject -->
        <test-method signature="homeButtonActions()[pri:4, instance:amarontests.AmaronTestRun@2cb4893b]" started-at="2024-10-06T21:09:07 IST" name="homeButtonActions" finished-at="2024-10-06T21:10:01 IST" duration-ms="54024" status="PASS">
          <reporter-output>
          </reporter-output>
        </test-method> <!-- homeButtonActions -->
        <test-method is-config="true" signature="browserClose(org.testng.ITestResult)[pri:0, instance:amarontests.AmaronTestRun@2cb4893b]" started-at="2024-10-06T21:10:01 IST" name="browserClose" finished-at="2024-10-06T21:10:01 IST" duration-ms="34" status="PASS">
          <params>
            <param index="0">
              <value>
                <![CDATA[[TestResult name=homeButtonActions status=SUCCESS method=AmaronTestRun.homeButtonActions()[pri:4, instance:amarontests.AmaronTestRun@2cb4893b] output={null}]]]>
              </value>
            </param>
          </params>
          <reporter-output>
          </reporter-output>
        </test-method> <!-- browserClose -->
        <test-method is-config="true" signature="executeReport()[pri:0, instance:amarontests.AmaronTestRun@2cb4893b]" started-at="2024-10-06T21:10:01 IST" name="executeReport" finished-at="2024-10-06T21:10:02 IST" duration-ms="748" status="PASS">
          <reporter-output>
          </reporter-output>
        </test-method> <!-- executeReport -->
      </class> <!-- amarontests.AmaronTestRun -->
    </test> <!-- Default test -->
  </suite> <!-- Default suite -->
</testng-results>
